[debug] [2026-03-28T18:46:23.377Z] ----------------------------------------------------------------------
[debug] [2026-03-28T18:46:23.383Z] Command:       /usr/bin/node /usr/local/bin/firebase deploy --only functions
[debug] [2026-03-28T18:46:23.383Z] CLI Version:   15.8.0
[debug] [2026-03-28T18:46:23.384Z] Platform:      linux
[debug] [2026-03-28T18:46:23.384Z] Node Version:  v20.19.5
[debug] [2026-03-28T18:46:23.384Z] Time:          Sat Mar 28 2026 19:46:23 GMT+0100 (West Africa Standard Time)
[debug] [2026-03-28T18:46:23.384Z] ----------------------------------------------------------------------
[debug] 
[debug] [2026-03-28T18:46:23.388Z] >>> [apiv2][query] GET https://firebase-public.firebaseio.com/cli.json [none]
[debug] [2026-03-28T18:46:51.117Z] > command requires scopes: ["email","openid","https://www.googleapis.com/auth/cloudplatformprojects.readonly","https://www.googleapis.com/auth/firebase","https://www.googleapis.com/auth/cloud-platform"]
[debug] [2026-03-28T18:46:51.118Z] > authorizing via signed-in user (abdulhakeemhabeebullah9@gmail.com)
[debug] [2026-03-28T18:46:51.118Z] [iam] checking project aniyu-b841b for permissions ["cloudfunctions.functions.create","cloudfunctions.functions.delete","cloudfunctions.functions.get","cloudfunctions.functions.list","cloudfunctions.functions.update","cloudfunctions.operations.get","firebase.projects.get"]
[debug] [2026-03-28T18:46:51.119Z] Checked if tokens are valid: false, expires at: 1774533046356
[debug] [2026-03-28T18:46:51.120Z] Checked if tokens are valid: false, expires at: 1774533046356
[debug] [2026-03-28T18:46:51.120Z] > refreshing access token with scopes: []
[debug] [2026-03-28T18:46:51.122Z] >>> [apiv2][query] POST https://www.googleapis.com/oauth2/v3/token [none]
[debug] [2026-03-28T18:46:51.123Z] >>> [apiv2][body] POST https://www.googleapis.com/oauth2/v3/token [omitted]
[debug] [2026-03-28T18:46:54.348Z] <<< [apiv2][status] GET https://firebase-public.firebaseio.com/cli.json 200
[debug] [2026-03-28T18:46:54.350Z] <<< [apiv2][body] GET https://firebase-public.firebaseio.com/cli.json {"cloudBuildErrorAfter":1594252800000,"cloudBuildWarnAfter":1590019200000,"defaultNode10After":1594252800000,"minVersion":"3.0.5","node8DeploysDisabledAfter":1613390400000,"node8RuntimeDisabledAfter":1615809600000,"node8WarnAfter":1600128000000}
[debug] [2026-03-28T18:46:59.081Z] <<< [apiv2][status] POST https://www.googleapis.com/oauth2/v3/token 200
[debug] [2026-03-28T18:46:59.082Z] <<< [apiv2][body] POST https://www.googleapis.com/oauth2/v3/token [omitted]
[debug] [2026-03-28T18:46:59.187Z] >>> [apiv2][query] POST https://cloudresourcemanager.googleapis.com/v1/projects/aniyu-b841b:testIamPermissions [none]
[debug] [2026-03-28T18:46:59.188Z] >>> [apiv2][(partial)header] POST https://cloudresourcemanager.googleapis.com/v1/projects/aniyu-b841b:testIamPermissions  x-goog-user-project=aniyu-b841b
[debug] [2026-03-28T18:46:59.188Z] >>> [apiv2][body] POST https://cloudresourcemanager.googleapis.com/v1/projects/aniyu-b841b:testIamPermissions {"permissions":["cloudfunctions.functions.create","cloudfunctions.functions.delete","cloudfunctions.functions.get","cloudfunctions.functions.list","cloudfunctions.functions.update","cloudfunctions.operations.get","firebase.projects.get"]}
[debug] [2026-03-28T18:47:09.840Z] <<< [apiv2][status] POST https://cloudresourcemanager.googleapis.com/v1/projects/aniyu-b841b:testIamPermissions 200
[debug] [2026-03-28T18:47:09.840Z] <<< [apiv2][body] POST https://cloudresourcemanager.googleapis.com/v1/projects/aniyu-b841b:testIamPermissions {"permissions":["cloudfunctions.functions.create","cloudfunctions.functions.delete","cloudfunctions.functions.get","cloudfunctions.functions.list","cloudfunctions.functions.update","cloudfunctions.operations.get","firebase.projects.get"]}
[debug] [2026-03-28T18:47:09.842Z] Checked if tokens are valid: true, expires at: 1774727218082
[debug] [2026-03-28T18:47:09.842Z] Checked if tokens are valid: true, expires at: 1774727218082
[debug] [2026-03-28T18:47:09.843Z] >>> [apiv2][query] POST https://iam.googleapis.com/v1/projects/aniyu-b841b/serviceAccounts/aniyu-b841b@appspot.gserviceaccount.com:testIamPermissions [none]
[debug] [2026-03-28T18:47:09.844Z] >>> [apiv2][body] POST https://iam.googleapis.com/v1/projects/aniyu-b841b/serviceAccounts/aniyu-b841b@appspot.gserviceaccount.com:testIamPermissions {"permissions":["iam.serviceAccounts.actAs"]}
[debug] [2026-03-28T18:48:49.838Z] ----------------------------------------------------------------------
[debug] [2026-03-28T18:48:49.845Z] Command:       /usr/bin/node /usr/local/bin/firebase deploy --only functions
[debug] [2026-03-28T18:48:49.846Z] CLI Version:   15.8.0
[debug] [2026-03-28T18:48:49.847Z] Platform:      linux
[debug] [2026-03-28T18:48:49.847Z] Node Version:  v20.19.5
[debug] [2026-03-28T18:48:49.847Z] Time:          Sat Mar 28 2026 19:48:49 GMT+0100 (West Africa Standard Time)
[debug] [2026-03-28T18:48:49.847Z] ----------------------------------------------------------------------
[debug] 
[debug] [2026-03-28T18:48:52.433Z] > command requires scopes: ["email","openid","https://www.googleapis.com/auth/cloudplatformprojects.readonly","https://www.googleapis.com/auth/firebase","https://www.googleapis.com/auth/cloud-platform"]
[debug] [2026-03-28T18:48:52.435Z] > authorizing via signed-in user (abdulhakeemhabeebullah9@gmail.com)
[debug] [2026-03-28T18:48:52.436Z] [iam] checking project aniyu-b841b for permissions ["cloudfunctions.functions.create","cloudfunctions.functions.delete","cloudfunctions.functions.get","cloudfunctions.functions.list","cloudfunctions.functions.update","cloudfunctions.operations.get","firebase.projects.get"]
[debug] [2026-03-28T18:48:52.442Z] Checked if tokens are valid: true, expires at: 1774727218082
[debug] [2026-03-28T18:48:52.443Z] Checked if tokens are valid: true, expires at: 1774727218082
[debug] [2026-03-28T18:48:52.447Z] >>> [apiv2][query] POST https://cloudresourcemanager.googleapis.com/v1/projects/aniyu-b841b:testIamPermissions [none]
[debug] [2026-03-28T18:48:52.448Z] >>> [apiv2][(partial)header] POST https://cloudresourcemanager.googleapis.com/v1/projects/aniyu-b841b:testIamPermissions  x-goog-user-project=aniyu-b841b
[debug] [2026-03-28T18:48:52.448Z] >>> [apiv2][body] POST https://cloudresourcemanager.googleapis.com/v1/projects/aniyu-b841b:testIamPermissions {"permissions":["cloudfunctions.functions.create","cloudfunctions.functions.delete","cloudfunctions.functions.get","cloudfunctions.functions.list","cloudfunctions.functions.update","cloudfunctions.operations.get","firebase.projects.get"]}
[debug] [2026-03-28T18:48:55.169Z] <<< [apiv2][status] POST https://cloudresourcemanager.googleapis.com/v1/projects/aniyu-b841b:testIamPermissions 200
[debug] [2026-03-28T18:48:55.169Z] <<< [apiv2][body] POST https://cloudresourcemanager.googleapis.com/v1/projects/aniyu-b841b:testIamPermissions {"permissions":["cloudfunctions.functions.create","cloudfunctions.functions.delete","cloudfunctions.functions.get","cloudfunctions.functions.list","cloudfunctions.functions.update","cloudfunctions.operations.get","firebase.projects.get"]}
[debug] [2026-03-28T18:48:55.172Z] Checked if tokens are valid: true, expires at: 1774727218082
[debug] [2026-03-28T18:48:55.172Z] Checked if tokens are valid: true, expires at: 1774727218082
[debug] [2026-03-28T18:48:55.172Z] >>> [apiv2][query] POST https://iam.googleapis.com/v1/projects/aniyu-b841b/serviceAccounts/aniyu-b841b@appspot.gserviceaccount.com:testIamPermissions [none]
[debug] [2026-03-28T18:48:55.173Z] >>> [apiv2][body] POST https://iam.googleapis.com/v1/projects/aniyu-b841b/serviceAccounts/aniyu-b841b@appspot.gserviceaccount.com:testIamPermissions {"permissions":["iam.serviceAccounts.actAs"]}
[debug] [2026-03-28T18:49:05.035Z] <<< [apiv2][status] POST https://iam.googleapis.com/v1/projects/aniyu-b841b/serviceAccounts/aniyu-b841b@appspot.gserviceaccount.com:testIamPermissions 200
[debug] [2026-03-28T18:49:05.036Z] <<< [apiv2][body] POST https://iam.googleapis.com/v1/projects/aniyu-b841b/serviceAccounts/aniyu-b841b@appspot.gserviceaccount.com:testIamPermissions {"permissions":["iam.serviceAccounts.actAs"]}
[info] 
[info] === Deploying to 'aniyu-b841b'...
[info] 
[info] i  deploying functions 
[info] Running command: npm --prefix "$RESOURCE_DIR" run build
[info] ✔  functions: Finished running predeploy script. 
[debug] [2026-03-28T18:49:40.564Z] Checked if tokens are valid: true, expires at: 1774727218082
[debug] [2026-03-28T18:49:40.564Z] Checked if tokens are valid: true, expires at: 1774727218082
[debug] [2026-03-28T18:49:40.564Z] >>> [apiv2][query] GET https://cloudresourcemanager.googleapis.com/v1/projects/aniyu-b841b [none]
[debug] [2026-03-28T18:49:51.593Z] <<< [apiv2][status] GET https://cloudresourcemanager.googleapis.com/v1/projects/aniyu-b841b 200
[debug] [2026-03-28T18:49:51.593Z] <<< [apiv2][body] GET https://cloudresourcemanager.googleapis.com/v1/projects/aniyu-b841b {"projectNumber":"891600067276","projectId":"aniyu-b841b","lifecycleState":"ACTIVE","name":"AniYU","labels":{"firebase":"enabled","firebase-core":"disabled"},"createTime":"2026-01-08T06:35:15.901816Z"}
[info] i  functions: preparing codebase default for deployment 
[info] i  functions: ensuring required API cloudfunctions.googleapis.com is enabled... 
[info] i  functions: ensuring required API cloudbuild.googleapis.com is enabled... 
[info] i  artifactregistry: ensuring required API artifactregistry.googleapis.com is enabled... 
[debug] [2026-03-28T18:49:51.618Z] Checked if tokens are valid: true, expires at: 1774727218082
[debug] [2026-03-28T18:49:51.618Z] Checked if tokens are valid: true, expires at: 1774727218082
[debug] [2026-03-28T18:49:51.619Z] >>> [apiv2][query] GET https://firebase.googleapis.com/v1beta1/projects/aniyu-b841b/adminSdkConfig [none]
[debug] [2026-03-28T18:50:10.186Z] <<< [apiv2][status] GET https://firebase.googleapis.com/v1beta1/projects/aniyu-b841b/adminSdkConfig 200
[debug] [2026-03-28T18:50:10.187Z] <<< [apiv2][body] GET https://firebase.googleapis.com/v1beta1/projects/aniyu-b841b/adminSdkConfig {"projectId":"aniyu-b841b","storageBucket":"aniyu-b841b.firebasestorage.app"}
[debug] [2026-03-28T18:50:10.190Z] Validating nodejs source
[warn] ⚠  functions: package.json indicates an outdated version of firebase-functions. Please upgrade using npm install --save firebase-functions@latest in your functions directory. 
[debug] [2026-03-28T18:50:14.009Z] > [functions] package.json contents: {
  "name": "functions",
  "scripts": {
    "build": "tsc",
    "build:watch": "tsc --watch",
    "serve": "npm run build && firebase emulators:start --only functions",
    "shell": "npm run build && firebase functions:shell",
    "start": "npm run shell",
    "deploy": "firebase deploy --only functions",
    "logs": "firebase functions:log"
  },
  "engines": {
    "node": "24"
  },
  "main": "lib/index.js",
  "dependencies": {
    "@aws-sdk/client-s3": "^3.992.0",
    "@aws-sdk/s3-request-presigner": "^3.992.0",
    "cors": "^2.8.6",
    "firebase-admin": "^13.6.0",
    "firebase-functions": "^7.0.0"
  },
  "devDependencies": {
    "firebase-functions-test": "^3.4.1",
    "typescript": "^5.7.3"
  },
  "private": true
}
[debug] [2026-03-28T18:50:14.010Z] Building nodejs source
[info] i  functions: Loading and analyzing source code for codebase default to determine what to deploy 
[debug] [2026-03-28T18:50:14.012Z] Could not find functions.yaml. Must use http discovery
[debug] [2026-03-28T18:50:14.022Z] Found firebase-functions binary at '/home/abdulhakeem/AniYu/functions/node_modules/.bin/firebase-functions'
[info] Serving at port 8481

[debug] [2026-03-28T18:50:20.975Z] Got response from /__/functions.yaml {"endpoints":{"generateUploadUrl":{"availableMemoryMb":null,"timeoutSeconds":null,"minInstances":null,"maxInstances":null,"ingressSettings":null,"concurrency":null,"serviceAccountEmail":null,"vpc":null,"platform":"gcfv2","labels":{},"httpsTrigger":{},"entryPoint":"generateUploadUrl"},"deleteR2File":{"availableMemoryMb":null,"timeoutSeconds":null,"minInstances":null,"maxInstances":null,"ingressSettings":null,"concurrency":null,"serviceAccountEmail":null,"vpc":null,"platform":"gcfv2","labels":{},"httpsTrigger":{},"entryPoint":"deleteR2File"},"createPost":{"availableMemoryMb":null,"timeoutSeconds":null,"minInstances":null,"maxInstances":null,"ingressSettings":null,"concurrency":null,"serviceAccountEmail":null,"vpc":null,"platform":"gcfv2","labels":{},"httpsTrigger":{},"entryPoint":"createPost"},"createComment":{"availableMemoryMb":null,"timeoutSeconds":null,"minInstances":null,"maxInstances":null,"ingressSettings":null,"concurrency":null,"serviceAccountEmail":null,"vpc":null,"platform":"gcfv2","labels":{},"httpsTrigger":{},"entryPoint":"createComment"},"createSupportMessage":{"availableMemoryMb":null,"timeoutSeconds":null,"minInstances":null,"maxInstances":null,"ingressSettings":null,"concurrency":null,"serviceAccountEmail":null,"vpc":null,"platform":"gcfv2","labels":{},"httpsTrigger":{},"entryPoint":"createSupportMessage"},"createReport":{"availableMemoryMb":null,"timeoutSeconds":null,"minInstances":null,"maxInstances":null,"ingressSettings":null,"concurrency":null,"serviceAccountEmail":null,"vpc":null,"platform":"gcfv2","labels":{},"httpsTrigger":{},"entryPoint":"createReport"},"moderateNewPost":{"availableMemoryMb":null,"timeoutSeconds":30,"minInstances":null,"maxInstances":null,"ingressSettings":null,"concurrency":null,"serviceAccountEmail":null,"vpc":null,"platform":"gcfv2","labels":{},"eventTrigger":{"eventType":"google.cloud.firestore.document.v1.created","eventFilters":{"database":"(default)","namespace":"(default)"},"eventFilterPathPatterns":{"document":"posts/{postId}"},"retry":false},"entryPoint":"moderateNewPost"},"sendTargetedPushNotification":{"availableMemoryMb":null,"timeoutSeconds":null,"minInstances":null,"maxInstances":null,"ingressSettings":null,"concurrency":null,"serviceAccountEmail":null,"vpc":null,"platform":"gcfv2","labels":{},"eventTrigger":{"eventType":"google.cloud.firestore.document.v1.created","eventFilters":{"database":"(default)","namespace":"(default)"},"eventFilterPathPatterns":{"document":"users/{userId}/notifications/{notificationId}"},"retry":false},"entryPoint":"sendTargetedPushNotification"},"sendGlobalBroadcastPush":{"availableMemoryMb":256,"timeoutSeconds":540,"minInstances":null,"maxInstances":null,"ingressSettings":null,"concurrency":null,"serviceAccountEmail":null,"vpc":null,"platform":"gcfv2","labels":{},"eventTrigger":{"eventType":"google.cloud.firestore.document.v1.created","eventFilters":{"database":"(default)","namespace":"(default)"},"eventFilterPathPatterns":{"document":"announcements/{announcementId}"},"retry":false},"entryPoint":"sendGlobalBroadcastPush"}},"specVersion":"v1alpha1","requiredAPIs":[],"extensions":{}}
[info] i  extensions: ensuring required API firebaseextensions.googleapis.com is enabled... 
[debug] [2026-03-28T18:50:25.044Z] > command requires scopes: ["email","openid","https://www.googleapis.com/auth/cloudplatformprojects.readonly","https://www.googleapis.com/auth/firebase","https://www.googleapis.com/auth/cloud-platform"]
[debug] [2026-03-28T18:50:25.044Z] > authorizing via signed-in user (abdulhakeemhabeebullah9@gmail.com)
[debug] [2026-03-28T18:50:25.045Z] [iam] checking project aniyu-b841b for permissions ["firebase.projects.get","firebaseextensions.instances.list"]
[debug] [2026-03-28T18:50:25.045Z] Checked if tokens are valid: true, expires at: 1774727218082
[debug] [2026-03-28T18:50:25.045Z] Checked if tokens are valid: true, expires at: 1774727218082
[debug] [2026-03-28T18:50:25.046Z] >>> [apiv2][query] POST https://cloudresourcemanager.googleapis.com/v1/projects/aniyu-b841b:testIamPermissions [none]
[debug] [2026-03-28T18:50:25.046Z] >>> [apiv2][(partial)header] POST https://cloudresourcemanager.googleapis.com/v1/projects/aniyu-b841b:testIamPermissions  x-goog-user-project=aniyu-b841b
[debug] [2026-03-28T18:50:25.046Z] >>> [apiv2][body] POST https://cloudresourcemanager.googleapis.com/v1/projects/aniyu-b841b:testIamPermissions {"permissions":["firebase.projects.get","firebaseextensions.instances.list"]}
[debug] [2026-03-28T18:50:31.608Z] <<< [apiv2][status] POST https://cloudresourcemanager.googleapis.com/v1/projects/aniyu-b841b:testIamPermissions 200
[debug] [2026-03-28T18:50:31.608Z] <<< [apiv2][body] POST https://cloudresourcemanager.googleapis.com/v1/projects/aniyu-b841b:testIamPermissions {"permissions":["firebase.projects.get","firebaseextensions.instances.list"]}
[debug] [2026-03-28T18:50:31.611Z] Checked if tokens are valid: true, expires at: 1774727218082
[debug] [2026-03-28T18:50:31.611Z] Checked if tokens are valid: true, expires at: 1774727218082
[debug] [2026-03-28T18:50:31.616Z] >>> [apiv2][query] GET https://firebaseextensions.googleapis.com/v1beta/projects/aniyu-b841b/instances pageSize=100&pageToken=
[debug] [2026-03-28T18:50:50.241Z] <<< [apiv2][status] GET https://firebaseextensions.googleapis.com/v1beta/projects/aniyu-b841b/instances 200
[debug] [2026-03-28T18:50:50.241Z] <<< [apiv2][body] GET https://firebaseextensions.googleapis.com/v1beta/projects/aniyu-b841b/instances {}
[info] i  functions: Loaded environment variables from .env. 
[info] i  functions: preparing functions directory for uploading... 
[info] i  functions: packaged /home/abdulhakeem/AniYu/functions (100.67 KB) for uploading 
[debug] [2026-03-28T18:50:50.456Z] Checked if tokens are valid: true, expires at: 1774727218082
[debug] [2026-03-28T18:50:50.456Z] Checked if tokens are valid: true, expires at: 1774727218082
[debug] [2026-03-28T18:50:50.457Z] >>> [apiv2][query] GET https://cloudfunctions.googleapis.com/v1/projects/aniyu-b841b/locations/-/functions [none]
[debug] [2026-03-28T18:51:05.203Z] <<< [apiv2][status] GET https://cloudfunctions.googleapis.com/v1/projects/aniyu-b841b/locations/-/functions 200
[debug] [2026-03-28T18:51:05.203Z] <<< [apiv2][body] GET https://cloudfunctions.googleapis.com/v1/projects/aniyu-b841b/locations/-/functions {}
[debug] [2026-03-28T18:51:05.205Z] Checked if tokens are valid: true, expires at: 1774727218082
[debug] [2026-03-28T18:51:05.205Z] Checked if tokens are valid: true, expires at: 1774727218082
[debug] [2026-03-28T18:51:05.207Z] >>> [apiv2][query] GET https://cloudfunctions.googleapis.com/v2/projects/aniyu-b841b/locations/-/functions filter=environment%3D%22GEN_2%22
[debug] [2026-03-28T18:51:16.733Z] <<< [apiv2][status] GET https://cloudfunctions.googleapis.com/v2/projects/aniyu-b841b/locations/-/functions 200
[debug] [2026-03-28T18:51:16.738Z] <<< [apiv2][body] GET https://cloudfunctions.googleapis.com/v2/projects/aniyu-b841b/locations/-/functions {"functions":[{"name":"projects/aniyu-b841b/locations/us-central1/functions/createSupportMessage","buildConfig":{"build":"projects/891600067276/locations/us-central1/builds/9d79a85e-3038-483d-adac-06aded4857ec","runtime":"nodejs24","entryPoint":"createSupportMessage","source":{"storageSource":{"bucket":"gcf-v2-sources-891600067276-us-central1","object":"createSupportMessage/function-source.zip","generation":"1774382243475298"}},"environmentVariables":{"GOOGLE_NODE_RUN_SCRIPTS":""},"dockerRepository":"projects/aniyu-b841b/locations/us-central1/repositories/gcf-artifacts","sourceProvenance":{"resolvedStorageSource":{"bucket":"gcf-v2-sources-891600067276-us-central1","object":"createSupportMessage/function-source.zip","generation":"1774382243475298"}},"dockerRegistry":"ARTIFACT_REGISTRY","serviceAccount":"projects/aniyu-b841b/serviceAccounts/891600067276-compute@developer.gserviceaccount.com","automaticUpdatePolicy":{}},"serviceConfig":{"service":"projects/aniyu-b841b/locations/us-central1/services/createsupportmessage","timeoutSeconds":60,"environmentVariables":{"R2_ACCOUNT_ID":"1c9132e00f11d0d6aa4dea1120e0cead","R2_ACCESS_KEY_ID":"d1de6a81dc06db546dc3ab8e0f988f3e","R2_SECRET_ACCESS_KEY":"40eb2c2db414bbb7aaa924969a2bc78f004779dc92bc5399ce1a709e4a2cdca5","R2_BUCKET_NAME":"aniyu-media","R2_PUBLIC_DOMAIN":"https://pub-aa447ea7a31940e688190fd6f33a3f35.r2.dev","GEMINI_API_KEY":"AIzaSyBTOQ2WItglH9qsHnMVxPfKVU2Fq_7DqBc","FIREBASE_CONFIG":"{\"projectId\":\"aniyu-b841b\",\"storageBucket\":\"aniyu-b841b.firebasestorage.app\"}","GCLOUD_PROJECT":"aniyu-b841b","EVENTARC_CLOUD_EVENT_SOURCE":"projects/aniyu-b841b/locations/us-central1/services/createSupportMessage","FUNCTION_TARGET":"createSupportMessage","LOG_EXECUTION_ID":"true","FUNCTION_SIGNATURE_TYPE":"http"},"maxInstanceCount":20,"ingressSettings":"ALLOW_ALL","uri":"https://createsupportmessage-w5qdflsw4q-uc.a.run.app","serviceAccountEmail":"891600067276-compute@developer.gserviceaccount.com","availableMemory":"256Mi","allTrafficOnLatestRevision":true,"revision":"createsupportmessage-00004-nen","maxInstanceRequestConcurrency":80,"availableCpu":"1"},"state":"ACTIVE","updateTime":"2026-03-24T19:57:34.772385135Z","labels":{"deployment-tool":"cli-firebase","firebase-functions-hash":"279c0278286c08c8f224012bbcee3bdb85ac504c"},"environment":"GEN_2","url":"https://us-central1-aniyu-b841b.cloudfunctions.net/createSupportMessage","createTime":"2026-03-21T14:12:11.843532631Z","satisfiesPzi":true},{"name":"projects/aniyu-b841b/locations/us-central1/functions/sendTargetedPushNotification","buildConfig":{"build":"projects/891600067276/locations/us-central1/builds/9d79a85e-3038-483d-adac-06aded4857ec","runtime":"nodejs24","entryPoint":"sendTargetedPushNotification","source":{"storageSource":{"bucket":"gcf-v2-sources-891600067276-us-central1","object":"sendTargetedPushNotification/function-source.zip","generation":"1774382243643235"}},"environmentVariables":{"GOOGLE_NODE_RUN_SCRIPTS":""},"dockerRepository":"projects/aniyu-b841b/locations/us-central1/repositories/gcf-artifacts","sourceProvenance":{"resolvedStorageSource":{"bucket":"gcf-v2-sources-891600067276-us-central1","object":"sendTargetedPushNotification/function-source.zip","generation":"1774382243643235"}},"dockerRegistry":"ARTIFACT_REGISTRY","serviceAccount":"projects/aniyu-b841b/serviceAccounts/891600067276-compute@developer.gserviceaccount.com","automaticUpdatePolicy":{}},"serviceConfig":{"service":"projects/aniyu-b841b/locations/us-central1/services/sendtargetedpushnotification","timeoutSeconds":60,"environmentVariables":{"R2_ACCOUNT_ID":"1c9132e00f11d0d6aa4dea1120e0cead","R2_ACCESS_KEY_ID":"d1de6a81dc06db546dc3ab8e0f988f3e","R2_SECRET_ACCESS_KEY":"40eb2c2db414bbb7aaa924969a2bc78f004779dc92bc5399ce1a709e4a2cdca5","R2_BUCKET_NAME":"aniyu-media","R2_PUBLIC_DOMAIN":"https://pub-aa447ea7a31940e688190fd6f33a3f35.r2.dev","GEMINI_API_KEY":"AIzaSyBTOQ2WItglH9qsHnMVxPfKVU2Fq_7DqBc","FIREBASE_CONFIG":"{\"projectId\":\"aniyu-b841b\",\"storageBucket\":\"aniyu-b841b.firebasestorage.app\"}","GCLOUD_PROJECT":"aniyu-b841b","EVENTARC_CLOUD_EVENT_SOURCE":"projects/aniyu-b841b/locations/us-central1/services/sendTargetedPushNotification","FUNCTION_SIGNATURE_TYPE":"cloudevent","FUNCTION_TARGET":"sendTargetedPushNotification","LOG_EXECUTION_ID":"true"},"maxInstanceCount":20,"ingressSettings":"ALLOW_ALL","uri":"https://sendtargetedpushnotification-w5qdflsw4q-uc.a.run.app","serviceAccountEmail":"891600067276-compute@developer.gserviceaccount.com","availableMemory":"256Mi","allTrafficOnLatestRevision":true,"revision":"sendtargetedpushnotification-00009-xaw","maxInstanceRequestConcurrency":80,"availableCpu":"1"},"eventTrigger":{"trigger":"projects/aniyu-b841b/locations/nam5/triggers/sendtargetedpushnotification-202590","triggerRegion":"nam5","eventType":"google.cloud.firestore.document.v1.created","eventFilters":[{"attribute":"namespace","value":"(default)"},{"attribute":"document","value":"users/{userId}/notifications/{notificationId}","operator":"match-path-pattern"},{"attribute":"database","value":"(default)"}],"pubsubTopic":"projects/aniyu-b841b/topics/eventarc-nam5-sendtargetedpushnotification-202590-412","serviceAccountEmail":"891600067276-compute@developer.gserviceaccount.com","retryPolicy":"RETRY_POLICY_DO_NOT_RETRY"},"state":"ACTIVE","updateTime":"2026-03-24T19:57:35.188809787Z","labels":{"firebase-functions-hash":"279c0278286c08c8f224012bbcee3bdb85ac504c","deployment-tool":"cli-firebase"},"environment":"GEN_2","url":"https://us-central1-aniyu-b841b.cloudfunctions.net/sendTargetedPushNotification","createTime":"2026-03-11T09:44:40.646518262Z","satisfiesPzi":true},{"name":"projects/aniyu-b841b/locations/us-central1/functions/moderateNewPost","buildConfig":{"build":"projects/891600067276/locations/us-central1/builds/9d79a85e-3038-483d-adac-06aded4857ec","runtime":"nodejs24","entryPoint":"moderateNewPost","source":{"storageSource":{"bucket":"gcf-v2-sources-891600067276-us-central1","object":"moderateNewPost/function-source.zip","generation":"1774382243729360"}},"environmentVariables":{"GOOGLE_NODE_RUN_SCRIPTS":""},"dockerRepository":"projects/aniyu-b841b/locations/us-central1/repositories/gcf-artifacts","sourceProvenance":{"resolvedStorageSource":{"bucket":"gcf-v2-sources-891600067276-us-central1","object":"moderateNewPost/function-source.zip","generation":"1774382243729360"}},"dockerRegistry":"ARTIFACT_REGISTRY","serviceAccount":"projects/aniyu-b841b/serviceAccounts/891600067276-compute@developer.gserviceaccount.com","automaticUpdatePolicy":{}},"serviceConfig":{"service":"projects/aniyu-b841b/locations/us-central1/services/moderatenewpost","timeoutSeconds":60,"environmentVariables":{"R2_ACCOUNT_ID":"1c9132e00f11d0d6aa4dea1120e0cead","R2_ACCESS_KEY_ID":"d1de6a81dc06db546dc3ab8e0f988f3e","R2_SECRET_ACCESS_KEY":"40eb2c2db414bbb7aaa924969a2bc78f004779dc92bc5399ce1a709e4a2cdca5","R2_BUCKET_NAME":"aniyu-media","R2_PUBLIC_DOMAIN":"https://pub-aa447ea7a31940e688190fd6f33a3f35.r2.dev","GEMINI_API_KEY":"AIzaSyBTOQ2WItglH9qsHnMVxPfKVU2Fq_7DqBc","FIREBASE_CONFIG":"{\"projectId\":\"aniyu-b841b\",\"storageBucket\":\"aniyu-b841b.firebasestorage.app\"}","GCLOUD_PROJECT":"aniyu-b841b","EVENTARC_CLOUD_EVENT_SOURCE":"projects/aniyu-b841b/locations/us-central1/services/moderateNewPost","FUNCTION_SIGNATURE_TYPE":"cloudevent","FUNCTION_TARGET":"moderateNewPost","LOG_EXECUTION_ID":"true"},"maxInstanceCount":20,"ingressSettings":"ALLOW_ALL","uri":"https://moderatenewpost-w5qdflsw4q-uc.a.run.app","serviceAccountEmail":"891600067276-compute@developer.gserviceaccount.com","availableMemory":"256Mi","allTrafficOnLatestRevision":true,"revision":"moderatenewpost-00014-pig","maxInstanceRequestConcurrency":80,"availableCpu":"1"},"eventTrigger":{"trigger":"projects/aniyu-b841b/locations/nam5/triggers/moderatenewpost-381439","triggerRegion":"nam5","eventType":"google.cloud.firestore.document.v1.created","eventFilters":[{"attribute":"namespace","value":"(default)"},{"attribute":"document","value":"posts/{postId}","operator":"match-path-pattern"},{"attribute":"database","value":"(default)"}],"pubsubTopic":"projects/aniyu-b841b/topics/eventarc-nam5-moderatenewpost-381439-147","serviceAccountEmail":"891600067276-compute@developer.gserviceaccount.com","retryPolicy":"RETRY_POLICY_DO_NOT_RETRY"},"state":"ACTIVE","updateTime":"2026-03-24T19:57:35.958708461Z","labels":{"deployment-tool":"cli-firebase","firebase-functions-hash":"279c0278286c08c8f224012bbcee3bdb85ac504c"},"environment":"GEN_2","url":"https://us-central1-aniyu-b841b.cloudfunctions.net/moderateNewPost","createTime":"2026-02-27T18:09:32.206882723Z","satisfiesPzi":true},{"name":"projects/aniyu-b841b/locations/us-central1/functions/createComment","buildConfig":{"build":"projects/891600067276/locations/us-central1/builds/9d79a85e-3038-483d-adac-06aded4857ec","runtime":"nodejs24","entryPoint":"createComment","source":{"storageSource":{"bucket":"gcf-v2-sources-891600067276-us-central1","object":"createComment/function-source.zip","generation":"1774382243625267"}},"environmentVariables":{"GOOGLE_NODE_RUN_SCRIPTS":""},"dockerRepository":"projects/aniyu-b841b/locations/us-central1/repositories/gcf-artifacts","sourceProvenance":{"resolvedStorageSource":{"bucket":"gcf-v2-sources-891600067276-us-central1","object":"createComment/function-source.zip","generation":"1774382243625267"}},"dockerRegistry":"ARTIFACT_REGISTRY","serviceAccount":"projects/aniyu-b841b/serviceAccounts/891600067276-compute@developer.gserviceaccount.com","automaticUpdatePolicy":{}},"serviceConfig":{"service":"projects/aniyu-b841b/locations/us-central1/services/createcomment","timeoutSeconds":60,"environmentVariables":{"R2_ACCOUNT_ID":"1c9132e00f11d0d6aa4dea1120e0cead","R2_ACCESS_KEY_ID":"d1de6a81dc06db546dc3ab8e0f988f3e","R2_SECRET_ACCESS_KEY":"40eb2c2db414bbb7aaa924969a2bc78f004779dc92bc5399ce1a709e4a2cdca5","R2_BUCKET_NAME":"aniyu-media","R2_PUBLIC_DOMAIN":"https://pub-aa447ea7a31940e688190fd6f33a3f35.r2.dev","GEMINI_API_KEY":"AIzaSyBTOQ2WItglH9qsHnMVxPfKVU2Fq_7DqBc","FIREBASE_CONFIG":"{\"projectId\":\"aniyu-b841b\",\"storageBucket\":\"aniyu-b841b.firebasestorage.app\"}","GCLOUD_PROJECT":"aniyu-b841b","EVENTARC_CLOUD_EVENT_SOURCE":"projects/aniyu-b841b/locations/us-central1/services/createComment","FUNCTION_TARGET":"createComment","LOG_EXECUTION_ID":"true","FUNCTION_SIGNATURE_TYPE":"http"},"maxInstanceCount":20,"ingressSettings":"ALLOW_ALL","uri":"https://createcomment-w5qdflsw4q-uc.a.run.app","serviceAccountEmail":"891600067276-compute@developer.gserviceaccount.com","availableMemory":"256Mi","allTrafficOnLatestRevision":true,"revision":"createcomment-00004-sar","maxInstanceRequestConcurrency":80,"availableCpu":"1"},"state":"ACTIVE","updateTime":"2026-03-24T19:57:36.626258422Z","labels":{"firebase-functions-hash":"279c0278286c08c8f224012bbcee3bdb85ac504c","deployment-tool":"cli-firebase"},"environment":"GEN_2","url":"https://us-central1-aniyu-b841b.cloudfunctions.net/createComment","createTime":"2026-03-21T14:12:11.140447835Z","satisfiesPzi":true},{"name":"projects/aniyu-b841b/locations/us-central1/functions/generateUploadUrl","buildConfig":{"build":"projects/891600067276/locations/us-central1/builds/9d79a85e-3038-483d-adac-06aded4857ec","runtime":"nodejs24","entryPoint":"generateUploadUrl","source":{"storageSource":{"bucket":"gcf-v2-sources-891600067276-us-central1","object":"generateUploadUrl/function-source.zip","generation":"1774382184950230"}},"environmentVariables":{"GOOGLE_NODE_RUN_SCRIPTS":""},"dockerRepository":"projects/aniyu-b841b/locations/us-central1/repositories/gcf-artifacts","sourceProvenance":{"resolvedStorageSource":{"bucket":"gcf-v2-sources-891600067276-us-central1","object":"generateUploadUrl/function-source.zip","generation":"1774382184950230"}},"dockerRegistry":"ARTIFACT_REGISTRY","serviceAccount":"projects/aniyu-b841b/serviceAccounts/891600067276-compute@developer.gserviceaccount.com","automaticUpdatePolicy":{}},"serviceConfig":{"service":"projects/aniyu-b841b/locations/us-central1/services/generateuploadurl","timeoutSeconds":60,"environmentVariables":{"R2_ACCOUNT_ID":"1c9132e00f11d0d6aa4dea1120e0cead","R2_ACCESS_KEY_ID":"d1de6a81dc06db546dc3ab8e0f988f3e","R2_SECRET_ACCESS_KEY":"40eb2c2db414bbb7aaa924969a2bc78f004779dc92bc5399ce1a709e4a2cdca5","R2_BUCKET_NAME":"aniyu-media","R2_PUBLIC_DOMAIN":"https://pub-aa447ea7a31940e688190fd6f33a3f35.r2.dev","GEMINI_API_KEY":"AIzaSyBTOQ2WItglH9qsHnMVxPfKVU2Fq_7DqBc","FIREBASE_CONFIG":"{\"projectId\":\"aniyu-b841b\",\"storageBucket\":\"aniyu-b841b.firebasestorage.app\"}","GCLOUD_PROJECT":"aniyu-b841b","EVENTARC_CLOUD_EVENT_SOURCE":"projects/aniyu-b841b/locations/us-central1/services/generateUploadUrl","FUNCTION_TARGET":"generateUploadUrl","LOG_EXECUTION_ID":"true"},"maxInstanceCount":20,"ingressSettings":"ALLOW_ALL","uri":"https://generateuploadurl-w5qdflsw4q-uc.a.run.app","serviceAccountEmail":"891600067276-compute@developer.gserviceaccount.com","availableMemory":"256Mi","allTrafficOnLatestRevision":true,"revision":"generateuploadurl-00016-vib","maxInstanceRequestConcurrency":80,"availableCpu":"1"},"state":"ACTIVE","updateTime":"2026-03-24T19:57:35.289810106Z","labels":{"deployment-tool":"cli-firebase","firebase-functions-hash":"279c0278286c08c8f224012bbcee3bdb85ac504c"},"environment":"GEN_2","url":"https://us-central1-aniyu-b841b.cloudfunctions.net/generateUploadUrl","createTime":"2026-02-18T09:13:19.001493627Z","satisfiesPzi":true},{"name":"projects/aniyu-b841b/locations/us-central1/functions/deleteR2File","buildConfig":{"build":"projects/891600067276/locations/us-central1/builds/9d79a85e-3038-483d-adac-06aded4857ec","runtime":"nodejs24","entryPoint":"deleteR2File","source":{"storageSource":{"bucket":"gcf-v2-sources-891600067276-us-central1","object":"deleteR2File/function-source.zip","generation":"1774382243224456"}},"environmentVariables":{"GOOGLE_NODE_RUN_SCRIPTS":""},"dockerRepository":"projects/aniyu-b841b/locations/us-central1/repositories/gcf-artifacts","sourceProvenance":{"resolvedStorageSource":{"bucket":"gcf-v2-sources-891600067276-us-central1","object":"deleteR2File/function-source.zip","generation":"1774382243224456"}},"dockerRegistry":"ARTIFACT_REGISTRY","serviceAccount":"projects/aniyu-b841b/serviceAccounts/891600067276-compute@developer.gserviceaccount.com","automaticUpdatePolicy":{}},"serviceConfig":{"service":"projects/aniyu-b841b/locations/us-central1/services/deleter2file","timeoutSeconds":60,"environmentVariables":{"R2_ACCOUNT_ID":"1c9132e00f11d0d6aa4dea1120e0cead","R2_ACCESS_KEY_ID":"d1de6a81dc06db546dc3ab8e0f988f3e","R2_SECRET_ACCESS_KEY":"40eb2c2db414bbb7aaa924969a2bc78f004779dc92bc5399ce1a709e4a2cdca5","R2_BUCKET_NAME":"aniyu-media","R2_PUBLIC_DOMAIN":"https://pub-aa447ea7a31940e688190fd6f33a3f35.r2.dev","GEMINI_API_KEY":"AIzaSyBTOQ2WItglH9qsHnMVxPfKVU2Fq_7DqBc","FIREBASE_CONFIG":"{\"projectId\":\"aniyu-b841b\",\"storageBucket\":\"aniyu-b841b.firebasestorage.app\"}","GCLOUD_PROJECT":"aniyu-b841b","EVENTARC_CLOUD_EVENT_SOURCE":"projects/aniyu-b841b/locations/us-central1/services/deleteR2File","FUNCTION_TARGET":"deleteR2File","LOG_EXECUTION_ID":"true","FUNCTION_SIGNATURE_TYPE":"http"},"maxInstanceCount":20,"ingressSettings":"ALLOW_ALL","uri":"https://deleter2file-w5qdflsw4q-uc.a.run.app","serviceAccountEmail":"891600067276-compute@developer.gserviceaccount.com","availableMemory":"256Mi","allTrafficOnLatestRevision":true,"revision":"deleter2file-00008-zoq","maxInstanceRequestConcurrency":80,"availableCpu":"1"},"state":"ACTIVE","updateTime":"2026-03-24T19:57:35.212536641Z","labels":{"deployment-tool":"cli-firebase","firebase-functions-hash":"279c0278286c08c8f224012bbcee3bdb85ac504c"},"environment":"GEN_2","url":"https://us-central1-aniyu-b841b.cloudfunctions.net/deleteR2File","createTime":"2026-03-12T14:10:17.732390211Z","satisfiesPzi":true},{"name":"projects/aniyu-b841b/locations/us-central1/functions/createReport","buildConfig":{"build":"projects/891600067276/locations/us-central1/builds/9d79a85e-3038-483d-adac-06aded4857ec","runtime":"nodejs24","entryPoint":"createReport","source":{"storageSource":{"bucket":"gcf-v2-sources-891600067276-us-central1","object":"createReport/function-source.zip","generation":"1774382243203891"}},"environmentVariables":{"GOOGLE_NODE_RUN_SCRIPTS":""},"dockerRepository":"projects/aniyu-b841b/locations/us-central1/repositories/gcf-artifacts","sourceProvenance":{"resolvedStorageSource":{"bucket":"gcf-v2-sources-891600067276-us-central1","object":"createReport/function-source.zip","generation":"1774382243203891"}},"dockerRegistry":"ARTIFACT_REGISTRY","serviceAccount":"projects/aniyu-b841b/serviceAccounts/891600067276-compute@developer.gserviceaccount.com","automaticUpdatePolicy":{}},"serviceConfig":{"service":"projects/aniyu-b841b/locations/us-central1/services/createreport","timeoutSeconds":60,"environmentVariables":{"R2_ACCOUNT_ID":"1c9132e00f11d0d6aa4dea1120e0cead","R2_ACCESS_KEY_ID":"d1de6a81dc06db546dc3ab8e0f988f3e","R2_SECRET_ACCESS_KEY":"40eb2c2db414bbb7aaa924969a2bc78f004779dc92bc5399ce1a709e4a2cdca5","R2_BUCKET_NAME":"aniyu-media","R2_PUBLIC_DOMAIN":"https://pub-aa447ea7a31940e688190fd6f33a3f35.r2.dev","GEMINI_API_KEY":"AIzaSyBTOQ2WItglH9qsHnMVxPfKVU2Fq_7DqBc","FIREBASE_CONFIG":"{\"projectId\":\"aniyu-b841b\",\"storageBucket\":\"aniyu-b841b.firebasestorage.app\"}","GCLOUD_PROJECT":"aniyu-b841b","EVENTARC_CLOUD_EVENT_SOURCE":"projects/aniyu-b841b/locations/us-central1/services/createReport","FUNCTION_TARGET":"createReport","LOG_EXECUTION_ID":"true","FUNCTION_SIGNATURE_TYPE":"http"},"maxInstanceCount":20,"ingressSettings":"ALLOW_ALL","uri":"https://createreport-w5qdflsw4q-uc.a.run.app","serviceAccountEmail":"891600067276-compute@developer.gserviceaccount.com","availableMemory":"256Mi","allTrafficOnLatestRevision":true,"revision":"createreport-00004-had","maxInstanceRequestConcurrency":80,"availableCpu":"1"},"state":"ACTIVE","updateTime":"2026-03-24T19:57:35.673917767Z","labels":{"deployment-tool":"cli-firebase","firebase-functions-hash":"279c0278286c08c8f224012bbcee3bdb85ac504c"},"environment":"GEN_2","url":"https://us-central1-aniyu-b841b.cloudfunctions.net/createReport","createTime":"2026-03-21T14:12:11.588907801Z","satisfiesPzi":true},{"name":"projects/aniyu-b841b/locations/us-central1/functions/sendGlobalBroadcastPush","buildConfig":{"build":"projects/891600067276/locations/us-central1/builds/9d79a85e-3038-483d-adac-06aded4857ec","runtime":"nodejs24","entryPoint":"sendGlobalBroadcastPush","source":{"storageSource":{"bucket":"gcf-v2-sources-891600067276-us-central1","object":"sendGlobalBroadcastPush/function-source.zip","generation":"1774382243633031"}},"environmentVariables":{"GOOGLE_NODE_RUN_SCRIPTS":""},"dockerRepository":"projects/aniyu-b841b/locations/us-central1/repositories/gcf-artifacts","sourceProvenance":{"resolvedStorageSource":{"bucket":"gcf-v2-sources-891600067276-us-central1","object":"sendGlobalBroadcastPush/function-source.zip","generation":"1774382243633031"}},"dockerRegistry":"ARTIFACT_REGISTRY","serviceAccount":"projects/aniyu-b841b/serviceAccounts/891600067276-compute@developer.gserviceaccount.com","automaticUpdatePolicy":{}},"serviceConfig":{"service":"projects/aniyu-b841b/locations/us-central1/services/sendglobalbroadcastpush","timeoutSeconds":60,"environmentVariables":{"R2_ACCOUNT_ID":"1c9132e00f11d0d6aa4dea1120e0cead","R2_ACCESS_KEY_ID":"d1de6a81dc06db546dc3ab8e0f988f3e","R2_SECRET_ACCESS_KEY":"40eb2c2db414bbb7aaa924969a2bc78f004779dc92bc5399ce1a709e4a2cdca5","R2_BUCKET_NAME":"aniyu-media","R2_PUBLIC_DOMAIN":"https://pub-aa447ea7a31940e688190fd6f33a3f35.r2.dev","GEMINI_API_KEY":"AIzaSyBTOQ2WItglH9qsHnMVxPfKVU2Fq_7DqBc","FIREBASE_CONFIG":"{\"projectId\":\"aniyu-b841b\",\"storageBucket\":\"aniyu-b841b.firebasestorage.app\"}","GCLOUD_PROJECT":"aniyu-b841b","EVENTARC_CLOUD_EVENT_SOURCE":"projects/aniyu-b841b/locations/us-central1/services/sendGlobalBroadcastPush","FUNCTION_SIGNATURE_TYPE":"cloudevent","FUNCTION_TARGET":"sendGlobalBroadcastPush","LOG_EXECUTION_ID":"true"},"maxInstanceCount":20,"ingressSettings":"ALLOW_ALL","uri":"https://sendglobalbroadcastpush-w5qdflsw4q-uc.a.run.app","serviceAccountEmail":"891600067276-compute@developer.gserviceaccount.com","availableMemory":"256Mi","allTrafficOnLatestRevision":true,"revision":"sendglobalbroadcastpush-00009-dal","maxInstanceRequestConcurrency":80,"availableCpu":"1"},"eventTrigger":{"trigger":"projects/aniyu-b841b/locations/nam5/triggers/sendglobalbroadcastpush-946162","triggerRegion":"nam5","eventType":"google.cloud.firestore.document.v1.created","eventFilters":[{"attribute":"database","value":"(default)"},{"attribute":"namespace","value":"(default)"},{"attribute":"document","value":"announcements/{announcementId}","operator":"match-path-pattern"}],"pubsubTopic":"projects/aniyu-b841b/topics/eventarc-nam5-sendglobalbroadcastpush-946162-459","serviceAccountEmail":"891600067276-compute@developer.gserviceaccount.com","retryPolicy":"RETRY_POLICY_DO_NOT_RETRY"},"state":"ACTIVE","updateTime":"2026-03-24T19:57:35.078770409Z","labels":{"firebase-functions-hash":"279c0278286c08c8f224012bbcee3bdb85ac504c","deployment-tool":"cli-firebase"},"environment":"GEN_2","url":"https://us-central1-aniyu-b841b.cloudfunctions.net/sendGlobalBroadcastPush","createTime":"2026-03-11T09:45:39.416446024Z","satisfiesPzi":true},{"name":"projects/aniyu-b841b/locations/us-central1/functions/createPost","buildConfig":{"build":"projects/891600067276/locations/us-central1/builds/9d79a85e-3038-483d-adac-06aded4857ec","runtime":"nodejs24","entryPoint":"createPost","source":{"storageSource":{"bucket":"gcf-v2-sources-891600067276-us-central1","object":"createPost/function-source.zip","generation":"1774382243495604"}},"environmentVariables":{"GOOGLE_NODE_RUN_SCRIPTS":""},"dockerRepository":"projects/aniyu-b841b/locations/us-central1/repositories/gcf-artifacts","sourceProvenance":{"resolvedStorageSource":{"bucket":"gcf-v2-sources-891600067276-us-central1","object":"createPost/function-source.zip","generation":"1774382243495604"}},"dockerRegistry":"ARTIFACT_REGISTRY","serviceAccount":"projects/aniyu-b841b/serviceAccounts/891600067276-compute@developer.gserviceaccount.com","automaticUpdatePolicy":{}},"serviceConfig":{"service":"projects/aniyu-b841b/locations/us-central1/services/createpost","timeoutSeconds":60,"environmentVariables":{"R2_ACCOUNT_ID":"1c9132e00f11d0d6aa4dea1120e0cead","R2_ACCESS_KEY_ID":"d1de6a81dc06db546dc3ab8e0f988f3e","R2_SECRET_ACCESS_KEY":"40eb2c2db414bbb7aaa924969a2bc78f004779dc92bc5399ce1a709e4a2cdca5","R2_BUCKET_NAME":"aniyu-media","R2_PUBLIC_DOMAIN":"https://pub-aa447ea7a31940e688190fd6f33a3f35.r2.dev","GEMINI_API_KEY":"AIzaSyBTOQ2WItglH9qsHnMVxPfKVU2Fq_7DqBc","FIREBASE_CONFIG":"{\"projectId\":\"aniyu-b841b\",\"storageBucket\":\"aniyu-b841b.firebasestorage.app\"}","GCLOUD_PROJECT":"aniyu-b841b","EVENTARC_CLOUD_EVENT_SOURCE":"projects/aniyu-b841b/locations/us-central1/services/createPost","FUNCTION_TARGET":"createPost","LOG_EXECUTION_ID":"true","FUNCTION_SIGNATURE_TYPE":"http"},"maxInstanceCount":20,"ingressSettings":"ALLOW_ALL","uri":"https://createpost-w5qdflsw4q-uc.a.run.app","serviceAccountEmail":"891600067276-compute@developer.gserviceaccount.com","availableMemory":"256Mi","allTrafficOnLatestRevision":true,"revision":"createpost-00004-zih","maxInstanceRequestConcurrency":80,"availableCpu":"1"},"state":"ACTIVE","updateTime":"2026-03-24T19:57:35.570850345Z","labels":{"firebase-functions-hash":"279c0278286c08c8f224012bbcee3bdb85ac504c","deployment-tool":"cli-firebase"},"environment":"GEN_2","url":"https://us-central1-aniyu-b841b.cloudfunctions.net/createPost","createTime":"2026-03-21T14:10:41.350146149Z","satisfiesPzi":true}]}
[debug] [2026-03-28T18:51:16.750Z] Checked if tokens are valid: true, expires at: 1774727218082
[debug] [2026-03-28T18:51:16.750Z] Checked if tokens are valid: true, expires at: 1774727218082
[debug] [2026-03-28T18:51:16.751Z] >>> [apiv2][query] GET https://firestore.googleapis.com/v1/projects/aniyu-b841b/databases/(default) [none]
[debug] [2026-03-28T18:51:27.798Z] <<< [apiv2][status] GET https://firestore.googleapis.com/v1/projects/aniyu-b841b/databases/(default) 200
[debug] [2026-03-28T18:51:27.799Z] <<< [apiv2][body] GET https://firestore.googleapis.com/v1/projects/aniyu-b841b/databases/(default) {"name":"projects/aniyu-b841b/databases/(default)","uid":"a1560d44-eb94-44f6-99d0-77df8e4b9a3e","createTime":"2026-01-08T06:51:39.833030Z","updateTime":"2026-01-08T06:51:39.833030Z","locationId":"nam5","type":"FIRESTORE_NATIVE","concurrencyMode":"PESSIMISTIC","versionRetentionPeriod":"604800s","earliestVersionTime":"2026-03-21T18:52:00Z","appEngineIntegrationMode":"DISABLED","keyPrefix":"s","pointInTimeRecoveryEnablement":"POINT_IN_TIME_RECOVERY_ENABLED","deleteProtectionState":"DELETE_PROTECTION_DISABLED","backupConfig":{"backupSchedulesEnabled":true},"databaseEdition":"STANDARD","freeTier":true,"realtimeUpdatesMode":"REALTIME_UPDATES_MODE_ENABLED","etag":"IOmY2dahw5MDMJrt24Kew5MD"}
[info] i  functions: ensuring required API run.googleapis.com is enabled... 
[info] i  functions: ensuring required API eventarc.googleapis.com is enabled... 
[info] i  functions: ensuring required API pubsub.googleapis.com is enabled... 
[info] i  functions: ensuring required API storage.googleapis.com is enabled... 
[info] i  functions: generating the service identity for pubsub.googleapis.com... 
[debug] [2026-03-28T18:51:27.808Z] Checked if tokens are valid: true, expires at: 1774727218082
[debug] [2026-03-28T18:51:27.808Z] Checked if tokens are valid: true, expires at: 1774727218082
[info] i  functions: generating the service identity for eventarc.googleapis.com... 
[debug] [2026-03-28T18:51:27.808Z] Checked if tokens are valid: true, expires at: 1774727218082
[debug] [2026-03-28T18:51:27.809Z] Checked if tokens are valid: true, expires at: 1774727218082
[debug] [2026-03-28T18:51:27.810Z] >>> [apiv2][query] POST https://serviceusage.googleapis.com/v1beta1/projects/891600067276/services/pubsub.googleapis.com:generateServiceIdentity [none]
[debug] [2026-03-28T18:51:27.810Z] >>> [apiv2][(partial)header] POST https://serviceusage.googleapis.com/v1beta1/projects/891600067276/services/pubsub.googleapis.com:generateServiceIdentity  x-goog-user-project=891600067276
[debug] [2026-03-28T18:51:27.810Z] >>> [apiv2][body] POST https://serviceusage.googleapis.com/v1beta1/projects/891600067276/services/pubsub.googleapis.com:generateServiceIdentity {}
[debug] [2026-03-28T18:51:27.814Z] >>> [apiv2][query] POST https://serviceusage.googleapis.com/v1beta1/projects/891600067276/services/eventarc.googleapis.com:generateServiceIdentity [none]
[debug] [2026-03-28T18:51:27.814Z] >>> [apiv2][(partial)header] POST https://serviceusage.googleapis.com/v1beta1/projects/891600067276/services/eventarc.googleapis.com:generateServiceIdentity  x-goog-user-project=891600067276
[debug] [2026-03-28T18:51:27.815Z] >>> [apiv2][body] POST https://serviceusage.googleapis.com/v1beta1/projects/891600067276/services/eventarc.googleapis.com:generateServiceIdentity {}
[debug] [2026-03-28T18:51:35.119Z] <<< [apiv2][status] POST https://serviceusage.googleapis.com/v1beta1/projects/891600067276/services/pubsub.googleapis.com:generateServiceIdentity 200
[debug] [2026-03-28T18:51:35.120Z] <<< [apiv2][body] POST https://serviceusage.googleapis.com/v1beta1/projects/891600067276/services/pubsub.googleapis.com:generateServiceIdentity {"name":"operations/finished.DONE_OPERATION","done":true,"response":{"@type":"type.googleapis.com/google.api.serviceusage.v1beta1.ServiceIdentity","email":"service-891600067276@gcp-sa-pubsub.iam.gserviceaccount.com","uniqueId":"105363477566078864754"}}
[debug] [2026-03-28T18:51:54.406Z] *** [apiv2] error from fetch(https://serviceusage.googleapis.com/v1beta1/projects/891600067276/services/eventarc.googleapis.com:generateServiceIdentity, {"headers":{},"method":"POST","body":"{}"}): FetchError: request to https://serviceusage.googleapis.com/v1beta1/projects/891600067276/services/eventarc.googleapis.com:generateServiceIdentity failed, reason: socket hang up
[debug] [2026-03-28T18:51:59.422Z] Error: Timed out.
    at Timeout._onTimeout (/usr/local/lib/node_modules/firebase-tools/lib/utils.js:308:49)
    at listOnTimeout (node:internal/timers:581:17)
    at process.processTimers (node:internal/timers:519:7)
[error] 
[error] Error: An unexpected error has occurred.
